{"/Users/samuel/Documents/PERN Auth/backend/server.js": {"path":"/Users/samuel/Documents/PERN Auth/backend/server.js","statementMap":{"0":{"start":{"line":1,"column":0},"end":{"line":1,"column":27}},"1":{"start":{"line":2,"column":21},"end":{"line":2,"column":45}},"2":{"start":{"line":3,"column":16},"end":{"line":3,"column":34}},"3":{"start":{"line":4,"column":13},"end":{"line":4,"column":28}},"4":{"start":{"line":6,"column":12},"end":{"line":6,"column":21}},"5":{"start":{"line":7,"column":0},"end":{"line":10,"column":4}},"6":{"start":{"line":12,"column":0},"end":{"line":12,"column":24}},"7":{"start":{"line":13,"column":0},"end":{"line":13,"column":24}},"8":{"start":{"line":15,"column":0},"end":{"line":15,"column":49}},"9":{"start":{"line":16,"column":0},"end":{"line":16,"column":54}},"10":{"start":{"line":19,"column":13},"end":{"line":19,"column":37}},"11":{"start":{"line":20,"column":0},"end":{"line":22,"column":1}},"12":{"start":{"line":21,"column":4},"end":{"line":21,"column":74}},"13":{"start":{"line":21,"column":27},"end":{"line":21,"column":72}},"14":{"start":{"line":24,"column":0},"end":{"line":24,"column":21}}},"fnMap":{"0":{"name":"(anonymous_0)","decl":{"start":{"line":21,"column":21},"end":{"line":21,"column":22}},"loc":{"start":{"line":21,"column":27},"end":{"line":21,"column":72}},"line":21}},"branchMap":{"0":{"loc":{"start":{"line":19,"column":13},"end":{"line":19,"column":37}},"type":"binary-expr","locations":[{"start":{"line":19,"column":13},"end":{"line":19,"column":29}},{"start":{"line":19,"column":33},"end":{"line":19,"column":37}}],"line":19},"1":{"loc":{"start":{"line":20,"column":0},"end":{"line":22,"column":1}},"type":"if","locations":[{"start":{"line":20,"column":0},"end":{"line":22,"column":1}},{"start":{},"end":{}}],"line":20}},"s":{"0":4,"1":4,"2":4,"3":4,"4":4,"5":4,"6":4,"7":4,"8":4,"9":4,"10":4,"11":4,"12":0,"13":0,"14":4},"f":{"0":0},"b":{"0":[4,0],"1":[0,4]},"inputSourceMap":null,"_coverageSchema":"1a1c01bbd47fc00a2c39e90264f33305004495a9","hash":"71005e43f911c4657c83ce07cd8324ebd15671a6"}
,"/Users/samuel/Documents/PERN Auth/backend/config/db.js": {"path":"/Users/samuel/Documents/PERN Auth/backend/config/db.js","statementMap":{"0":{"start":{"line":1,"column":0},"end":{"line":1,"column":27}},"1":{"start":{"line":2,"column":17},"end":{"line":2,"column":30}},"2":{"start":{"line":4,"column":13},"end":{"line":10,"column":2}},"3":{"start":{"line":12,"column":0},"end":{"line":12,"column":22}}},"fnMap":{},"branchMap":{},"s":{"0":4,"1":4,"2":4,"3":4},"f":{},"b":{},"inputSourceMap":null,"_coverageSchema":"1a1c01bbd47fc00a2c39e90264f33305004495a9","hash":"10eb1a62b93485987b00a0bc476c110561137b6e"}
,"/Users/samuel/Documents/PERN Auth/backend/middleware/authorisation.js": {"path":"/Users/samuel/Documents/PERN Auth/backend/middleware/authorisation.js","statementMap":{"0":{"start":{"line":1,"column":12},"end":{"line":1,"column":35}},"1":{"start":{"line":2,"column":0},"end":{"line":2,"column":27}},"2":{"start":{"line":4,"column":26},"end":{"line":15,"column":1}},"3":{"start":{"line":5,"column":18},"end":{"line":5,"column":35}},"4":{"start":{"line":6,"column":4},"end":{"line":6,"column":74}},"5":{"start":{"line":6,"column":16},"end":{"line":6,"column":74}},"6":{"start":{"line":8,"column":4},"end":{"line":14,"column":5}},"7":{"start":{"line":9,"column":24},"end":{"line":9,"column":65}},"8":{"start":{"line":10,"column":8},"end":{"line":10,"column":32}},"9":{"start":{"line":11,"column":8},"end":{"line":11,"column":15}},"10":{"start":{"line":13,"column":8},"end":{"line":13,"column":59}},"11":{"start":{"line":17,"column":0},"end":{"line":17,"column":35}}},"fnMap":{"0":{"name":"(anonymous_0)","decl":{"start":{"line":4,"column":26},"end":{"line":4,"column":27}},"loc":{"start":{"line":4,"column":46},"end":{"line":15,"column":1}},"line":4}},"branchMap":{"0":{"loc":{"start":{"line":6,"column":4},"end":{"line":6,"column":74}},"type":"if","locations":[{"start":{"line":6,"column":4},"end":{"line":6,"column":74}},{"start":{},"end":{}}],"line":6}},"s":{"0":4,"1":4,"2":4,"3":5,"4":5,"5":2,"6":3,"7":3,"8":2,"9":2,"10":1,"11":4},"f":{"0":5},"b":{"0":[2,3]},"inputSourceMap":null,"_coverageSchema":"1a1c01bbd47fc00a2c39e90264f33305004495a9","hash":"a01e0b4779007eca930d3c7a906d12f8e8e91c69"}
,"/Users/samuel/Documents/PERN Auth/backend/middleware/validation.js": {"path":"/Users/samuel/Documents/PERN Auth/backend/middleware/validation.js","statementMap":{"0":{"start":{"line":1,"column":0},"end":{"line":22,"column":2}},"1":{"start":{"line":2,"column":86},"end":{"line":2,"column":94}},"2":{"start":{"line":4,"column":4},"end":{"line":13,"column":5}},"3":{"start":{"line":5,"column":8},"end":{"line":7,"column":9}},"4":{"start":{"line":6,"column":12},"end":{"line":6,"column":70}},"5":{"start":{"line":9,"column":8},"end":{"line":11,"column":9}},"6":{"start":{"line":10,"column":12},"end":{"line":10,"column":69}},"7":{"start":{"line":15,"column":4},"end":{"line":19,"column":5}},"8":{"start":{"line":16,"column":8},"end":{"line":18,"column":9}},"9":{"start":{"line":17,"column":12},"end":{"line":17,"column":70}},"10":{"start":{"line":21,"column":4},"end":{"line":21,"column":11}}},"fnMap":{"0":{"name":"(anonymous_0)","decl":{"start":{"line":1,"column":17},"end":{"line":1,"column":18}},"loc":{"start":{"line":1,"column":37},"end":{"line":22,"column":1}},"line":1}},"branchMap":{"0":{"loc":{"start":{"line":4,"column":4},"end":{"line":13,"column":5}},"type":"if","locations":[{"start":{"line":4,"column":4},"end":{"line":13,"column":5}},{"start":{},"end":{}}],"line":4},"1":{"loc":{"start":{"line":5,"column":8},"end":{"line":7,"column":9}},"type":"if","locations":[{"start":{"line":5,"column":8},"end":{"line":7,"column":9}},{"start":{},"end":{}}],"line":5},"2":{"loc":{"start":{"line":9,"column":8},"end":{"line":11,"column":9}},"type":"if","locations":[{"start":{"line":9,"column":8},"end":{"line":11,"column":9}},{"start":{},"end":{}}],"line":9},"3":{"loc":{"start":{"line":15,"column":4},"end":{"line":19,"column":5}},"type":"if","locations":[{"start":{"line":15,"column":4},"end":{"line":19,"column":5}},{"start":{},"end":{}}],"line":15},"4":{"loc":{"start":{"line":16,"column":8},"end":{"line":18,"column":9}},"type":"if","locations":[{"start":{"line":16,"column":8},"end":{"line":18,"column":9}},{"start":{},"end":{}}],"line":16}},"s":{"0":4,"1":12,"2":12,"3":7,"4":1,"5":6,"6":1,"7":10,"8":5,"9":1,"10":9},"f":{"0":12},"b":{"0":[7,5],"1":[1,6],"2":[1,5],"3":[5,5],"4":[1,4]},"inputSourceMap":null,"_coverageSchema":"1a1c01bbd47fc00a2c39e90264f33305004495a9","hash":"082b24e1284a5c8b74015386c8bc3c3ddefaaa6f"}
,"/Users/samuel/Documents/PERN Auth/backend/models/userModel.js": {"path":"/Users/samuel/Documents/PERN Auth/backend/models/userModel.js","statementMap":{"0":{"start":{"line":1,"column":13},"end":{"line":1,"column":36}},"1":{"start":{"line":3,"column":19},"end":{"line":9,"column":1}},"2":{"start":{"line":4,"column":18},"end":{"line":5,"column":71}},"3":{"start":{"line":6,"column":19},"end":{"line":6,"column":94}},"4":{"start":{"line":7,"column":19},"end":{"line":7,"column":50}},"5":{"start":{"line":8,"column":4},"end":{"line":8,"column":26}},"6":{"start":{"line":11,"column":22},"end":{"line":15,"column":1}},"7":{"start":{"line":12,"column":18},"end":{"line":12,"column":55}},"8":{"start":{"line":13,"column":19},"end":{"line":13,"column":50}},"9":{"start":{"line":14,"column":4},"end":{"line":14,"column":26}},"10":{"start":{"line":17,"column":26},"end":{"line":21,"column":1}},"11":{"start":{"line":18,"column":18},"end":{"line":18,"column":59}},"12":{"start":{"line":19,"column":19},"end":{"line":19,"column":54}},"13":{"start":{"line":20,"column":4},"end":{"line":20,"column":26}},"14":{"start":{"line":23,"column":0},"end":{"line":23,"column":66}}},"fnMap":{"0":{"name":"(anonymous_0)","decl":{"start":{"line":3,"column":19},"end":{"line":3,"column":20}},"loc":{"start":{"line":3,"column":104},"end":{"line":9,"column":1}},"line":3},"1":{"name":"(anonymous_1)","decl":{"start":{"line":11,"column":22},"end":{"line":11,"column":23}},"loc":{"start":{"line":11,"column":38},"end":{"line":15,"column":1}},"line":11},"2":{"name":"(anonymous_2)","decl":{"start":{"line":17,"column":26},"end":{"line":17,"column":27}},"loc":{"start":{"line":17,"column":46},"end":{"line":21,"column":1}},"line":17}},"branchMap":{},"s":{"0":4,"1":4,"2":3,"3":3,"4":3,"5":3,"6":4,"7":4,"8":4,"9":4,"10":4,"11":10,"12":10,"13":10,"14":4},"f":{"0":3,"1":4,"2":10},"b":{},"inputSourceMap":null,"_coverageSchema":"1a1c01bbd47fc00a2c39e90264f33305004495a9","hash":"009bc407da98c6ec78d4a2ce6ea53d7c24486354"}
,"/Users/samuel/Documents/PERN Auth/backend/routes/authRoutes.js": {"path":"/Users/samuel/Documents/PERN Auth/backend/routes/authRoutes.js","statementMap":{"0":{"start":{"line":1,"column":15},"end":{"line":1,"column":42}},"1":{"start":{"line":2,"column":13},"end":{"line":2,"column":36}},"2":{"start":{"line":3,"column":12},"end":{"line":3,"column":35}},"3":{"start":{"line":4,"column":56},"end":{"line":4,"column":86}},"4":{"start":{"line":5,"column":15},"end":{"line":5,"column":32}},"5":{"start":{"line":6,"column":26},"end":{"line":6,"column":64}},"6":{"start":{"line":7,"column":19},"end":{"line":7,"column":54}},"7":{"start":{"line":9,"column":0},"end":{"line":37,"column":3}},"8":{"start":{"line":10,"column":4},"end":{"line":36,"column":5}},"9":{"start":{"line":11,"column":90},"end":{"line":11,"column":98}},"10":{"start":{"line":13,"column":29},"end":{"line":13,"column":62}},"11":{"start":{"line":14,"column":8},"end":{"line":14,"column":94}},"12":{"start":{"line":14,"column":26},"end":{"line":14,"column":94}},"13":{"start":{"line":15,"column":29},"end":{"line":15,"column":54}},"14":{"start":{"line":16,"column":8},"end":{"line":16,"column":90}},"15":{"start":{"line":16,"column":26},"end":{"line":16,"column":90}},"16":{"start":{"line":18,"column":27},"end":{"line":18,"column":29}},"17":{"start":{"line":19,"column":8},"end":{"line":19,"column":48}},"18":{"start":{"line":20,"column":31},"end":{"line":20,"column":64}},"19":{"start":{"line":21,"column":24},"end":{"line":21,"column":117}},"20":{"start":{"line":22,"column":22},"end":{"line":22,"column":103}},"21":{"start":{"line":24,"column":8},"end":{"line":29,"column":11}},"22":{"start":{"line":31,"column":8},"end":{"line":31,"column":74}},"23":{"start":{"line":34,"column":8},"end":{"line":34,"column":35}},"24":{"start":{"line":35,"column":8},"end":{"line":35,"column":78}},"25":{"start":{"line":39,"column":0},"end":{"line":61,"column":3}},"26":{"start":{"line":40,"column":4},"end":{"line":60,"column":5}},"27":{"start":{"line":41,"column":39},"end":{"line":41,"column":47}},"28":{"start":{"line":42,"column":21},"end":{"line":42,"column":54}},"29":{"start":{"line":43,"column":8},"end":{"line":43,"column":80}},"30":{"start":{"line":43,"column":19},"end":{"line":43,"column":80}},"31":{"start":{"line":45,"column":24},"end":{"line":45,"column":69}},"32":{"start":{"line":46,"column":8},"end":{"line":46,"column":85}},"33":{"start":{"line":46,"column":22},"end":{"line":46,"column":85}},"34":{"start":{"line":48,"column":22},"end":{"line":48,"column":100}},"35":{"start":{"line":49,"column":8},"end":{"line":54,"column":11}},"36":{"start":{"line":56,"column":8},"end":{"line":56,"column":50}},"37":{"start":{"line":58,"column":8},"end":{"line":58,"column":35}},"38":{"start":{"line":59,"column":8},"end":{"line":59,"column":78}},"39":{"start":{"line":63,"column":0},"end":{"line":70,"column":3}},"40":{"start":{"line":64,"column":4},"end":{"line":68,"column":7}},"41":{"start":{"line":69,"column":4},"end":{"line":69,"column":53}},"42":{"start":{"line":72,"column":0},"end":{"line":79,"column":3}},"43":{"start":{"line":73,"column":4},"end":{"line":78,"column":5}},"44":{"start":{"line":74,"column":8},"end":{"line":74,"column":30}},"45":{"start":{"line":76,"column":8},"end":{"line":76,"column":35}},"46":{"start":{"line":77,"column":8},"end":{"line":77,"column":78}},"47":{"start":{"line":81,"column":0},"end":{"line":81,"column":24}}},"fnMap":{"0":{"name":"(anonymous_0)","decl":{"start":{"line":9,"column":37},"end":{"line":9,"column":38}},"loc":{"start":{"line":9,"column":57},"end":{"line":37,"column":1}},"line":9},"1":{"name":"(anonymous_1)","decl":{"start":{"line":39,"column":34},"end":{"line":39,"column":35}},"loc":{"start":{"line":39,"column":54},"end":{"line":61,"column":1}},"line":39},"2":{"name":"(anonymous_2)","decl":{"start":{"line":63,"column":23},"end":{"line":63,"column":24}},"loc":{"start":{"line":63,"column":37},"end":{"line":70,"column":1}},"line":63},"3":{"name":"(anonymous_3)","decl":{"start":{"line":72,"column":46},"end":{"line":72,"column":47}},"loc":{"start":{"line":72,"column":66},"end":{"line":79,"column":1}},"line":72}},"branchMap":{"0":{"loc":{"start":{"line":14,"column":8},"end":{"line":14,"column":94}},"type":"if","locations":[{"start":{"line":14,"column":8},"end":{"line":14,"column":94}},{"start":{},"end":{}}],"line":14},"1":{"loc":{"start":{"line":16,"column":8},"end":{"line":16,"column":90}},"type":"if","locations":[{"start":{"line":16,"column":8},"end":{"line":16,"column":90}},{"start":{},"end":{}}],"line":16},"2":{"loc":{"start":{"line":43,"column":8},"end":{"line":43,"column":80}},"type":"if","locations":[{"start":{"line":43,"column":8},"end":{"line":43,"column":80}},{"start":{},"end":{}}],"line":43},"3":{"loc":{"start":{"line":46,"column":8},"end":{"line":46,"column":85}},"type":"if","locations":[{"start":{"line":46,"column":8},"end":{"line":46,"column":85}},{"start":{},"end":{}}],"line":46}},"s":{"0":4,"1":4,"2":4,"3":4,"4":4,"5":4,"6":4,"7":4,"8":5,"9":5,"10":5,"11":5,"12":1,"13":4,"14":4,"15":1,"16":3,"17":3,"18":3,"19":3,"20":3,"21":3,"22":3,"23":0,"24":0,"25":4,"26":4,"27":4,"28":4,"29":4,"30":1,"31":3,"32":3,"33":1,"34":2,"35":2,"36":2,"37":0,"38":0,"39":4,"40":1,"41":1,"42":4,"43":1,"44":1,"45":0,"46":0,"47":4},"f":{"0":5,"1":4,"2":1,"3":1},"b":{"0":[1,4],"1":[1,3],"2":[1,3],"3":[1,2]},"inputSourceMap":null,"_coverageSchema":"1a1c01bbd47fc00a2c39e90264f33305004495a9","hash":"fc9e95f40365bc34d9da14764a9b554b9dc7fbc9"}
,"/Users/samuel/Documents/PERN Auth/backend/routes/userRoutes.js": {"path":"/Users/samuel/Documents/PERN Auth/backend/routes/userRoutes.js","statementMap":{"0":{"start":{"line":1,"column":16},"end":{"line":1,"column":34}},"1":{"start":{"line":2,"column":26},"end":{"line":2,"column":64}},"2":{"start":{"line":3,"column":30},"end":{"line":3,"column":60}},"3":{"start":{"line":5,"column":15},"end":{"line":5,"column":31}},"4":{"start":{"line":7,"column":0},"end":{"line":19,"column":3}},"5":{"start":{"line":8,"column":4},"end":{"line":18,"column":5}},"6":{"start":{"line":9,"column":21},"end":{"line":9,"column":54}},"7":{"start":{"line":10,"column":8},"end":{"line":10,"column":26}},"8":{"start":{"line":12,"column":8},"end":{"line":12,"column":78}},"9":{"start":{"line":12,"column":19},"end":{"line":12,"column":78}},"10":{"start":{"line":14,"column":42},"end":{"line":14,"column":46}},"11":{"start":{"line":15,"column":8},"end":{"line":15,"column":27}},"12":{"start":{"line":17,"column":8},"end":{"line":17,"column":78}},"13":{"start":{"line":21,"column":0},"end":{"line":21,"column":24}}},"fnMap":{"0":{"name":"(anonymous_0)","decl":{"start":{"line":7,"column":35},"end":{"line":7,"column":36}},"loc":{"start":{"line":7,"column":55},"end":{"line":19,"column":1}},"line":7}},"branchMap":{"0":{"loc":{"start":{"line":12,"column":8},"end":{"line":12,"column":78}},"type":"if","locations":[{"start":{"line":12,"column":8},"end":{"line":12,"column":78}},{"start":{},"end":{}}],"line":12}},"s":{"0":4,"1":4,"2":4,"3":4,"4":4,"5":1,"6":1,"7":1,"8":1,"9":0,"10":1,"11":1,"12":0,"13":4},"f":{"0":1},"b":{"0":[0,1]},"inputSourceMap":null,"_coverageSchema":"1a1c01bbd47fc00a2c39e90264f33305004495a9","hash":"1ac53e901ef9fc7f191a924d2cac77f38e6da76f"}
}
