TN:
SF:server.js
FN:21,(anonymous_0)
FNF:1
FNH:0
FNDA:0,(anonymous_0)
DA:1,4
DA:2,4
DA:3,4
DA:4,4
DA:6,4
DA:7,4
DA:12,4
DA:13,4
DA:15,4
DA:16,4
DA:19,4
DA:20,4
DA:21,0
DA:24,4
LF:14
LH:13
BRDA:19,0,0,4
BRDA:19,0,1,0
BRDA:20,1,0,0
BRDA:20,1,1,4
BRF:4
BRH:2
end_of_record
TN:
SF:config/db.js
FNF:0
FNH:0
DA:1,4
DA:2,4
DA:4,4
DA:12,4
LF:4
LH:4
BRF:0
BRH:0
end_of_record
TN:
SF:middleware/authorisation.js
FN:4,(anonymous_0)
FNF:1
FNH:1
FNDA:5,(anonymous_0)
DA:1,4
DA:2,4
DA:4,4
DA:5,5
DA:6,5
DA:8,3
DA:9,3
DA:10,2
DA:11,2
DA:13,1
DA:17,4
LF:11
LH:11
BRDA:6,0,0,2
BRDA:6,0,1,3
BRF:2
BRH:2
end_of_record
TN:
SF:middleware/validation.js
FN:1,(anonymous_0)
FNF:1
FNH:1
FNDA:12,(anonymous_0)
DA:1,4
DA:2,12
DA:4,12
DA:5,7
DA:6,1
DA:9,6
DA:10,1
DA:15,10
DA:16,5
DA:17,1
DA:21,9
LF:11
LH:11
BRDA:4,0,0,7
BRDA:4,0,1,5
BRDA:5,1,0,1
BRDA:5,1,1,6
BRDA:9,2,0,1
BRDA:9,2,1,5
BRDA:15,3,0,5
BRDA:15,3,1,5
BRDA:16,4,0,1
BRDA:16,4,1,4
BRF:10
BRH:10
end_of_record
TN:
SF:models/userModel.js
FN:3,(anonymous_0)
FN:11,(anonymous_1)
FN:17,(anonymous_2)
FNF:3
FNH:3
FNDA:3,(anonymous_0)
FNDA:4,(anonymous_1)
FNDA:10,(anonymous_2)
DA:1,4
DA:3,4
DA:4,3
DA:6,3
DA:7,3
DA:8,3
DA:11,4
DA:12,4
DA:13,4
DA:14,4
DA:17,4
DA:18,10
DA:19,10
DA:20,10
DA:23,4
LF:15
LH:15
BRF:0
BRH:0
end_of_record
TN:
SF:routes/authRoutes.js
FN:9,(anonymous_0)
FN:39,(anonymous_1)
FN:63,(anonymous_2)
FN:72,(anonymous_3)
FNF:4
FNH:4
FNDA:5,(anonymous_0)
FNDA:4,(anonymous_1)
FNDA:1,(anonymous_2)
FNDA:1,(anonymous_3)
DA:1,4
DA:2,4
DA:3,4
DA:4,4
DA:5,4
DA:6,4
DA:7,4
DA:9,4
DA:10,5
DA:11,5
DA:13,5
DA:14,5
DA:15,4
DA:16,4
DA:18,3
DA:19,3
DA:20,3
DA:21,3
DA:22,3
DA:24,3
DA:31,3
DA:34,0
DA:35,0
DA:39,4
DA:40,4
DA:41,4
DA:42,4
DA:43,4
DA:45,3
DA:46,3
DA:48,2
DA:49,2
DA:56,2
DA:58,0
DA:59,0
DA:63,4
DA:64,1
DA:69,1
DA:72,4
DA:73,1
DA:74,1
DA:76,0
DA:77,0
DA:81,4
LF:44
LH:38
BRDA:14,0,0,1
BRDA:14,0,1,4
BRDA:16,1,0,1
BRDA:16,1,1,3
BRDA:43,2,0,1
BRDA:43,2,1,3
BRDA:46,3,0,1
BRDA:46,3,1,2
BRF:8
BRH:8
end_of_record
TN:
SF:routes/userRoutes.js
FN:7,(anonymous_0)
FNF:1
FNH:1
FNDA:1,(anonymous_0)
DA:1,4
DA:2,4
DA:3,4
DA:5,4
DA:7,4
DA:8,1
DA:9,1
DA:10,1
DA:12,1
DA:14,1
DA:15,1
DA:17,0
DA:21,4
LF:13
LH:12
BRDA:12,0,0,0
BRDA:12,0,1,1
BRF:2
BRH:1
end_of_record
